CRITICAL - 2022-06-11 12:01:31 --> Class "App\Models\ArtikelModel" not found
in APPPATH\Controllers\Artikel.php on line 9.
 1 SYSTEMPATH\CodeIgniter.php(898): App\Controllers\Artikel->index()
 2 SYSTEMPATH\CodeIgniter.php(468): CodeIgniter\CodeIgniter->runController(Object(App\Controllers\Artikel))
 3 SYSTEMPATH\CodeIgniter.php(351): CodeIgniter\CodeIgniter->handleRequest(null, Object(Config\Cache), false)
 4 FCPATH\index.php(55): CodeIgniter\CodeIgniter->run()
CRITICAL - 2022-06-11 12:02:32 --> Class "App\Models\ArtikelModel" not found
in APPPATH\Controllers\Artikel.php on line 9.
 1 SYSTEMPATH\CodeIgniter.php(898): App\Controllers\Artikel->index()
 2 SYSTEMPATH\CodeIgniter.php(468): CodeIgniter\CodeIgniter->runController(Object(App\Controllers\Artikel))
 3 SYSTEMPATH\CodeIgniter.php(351): CodeIgniter\CodeIgniter->handleRequest(null, Object(Config\Cache), false)
 4 FCPATH\index.php(55): CodeIgniter\CodeIgniter->run()
ERROR - 2022-06-11 12:03:26 --> Error connecting to the database: Access denied for user '****'@'localhost' (using password: YES)
CRITICAL - 2022-06-11 12:03:26 --> Unable to connect to the database.
Main connection [MySQLi]: Access denied for user '****'@'localhost' (using password: YES)
in SYSTEMPATH\Database\BaseConnection.php on line 415.
 1 SYSTEMPATH\Database\BaseConnection.php(585): CodeIgniter\Database\BaseConnection->initialize()
 2 SYSTEMPATH\Database\BaseBuilder.php(1585): CodeIgniter\Database\BaseConnection->query('SELECT *
FROM `artikel`', [], false)
 3 SYSTEMPATH\Model.php(222): CodeIgniter\Database\BaseBuilder->get()
 4 SYSTEMPATH\BaseModel.php(584): CodeIgniter\Model->doFindAll(0, 0)
 5 APPPATH\Controllers\Artikel.php(10): CodeIgniter\BaseModel->findAll()
 6 SYSTEMPATH\CodeIgniter.php(898): App\Controllers\Artikel->index()
 7 SYSTEMPATH\CodeIgniter.php(468): CodeIgniter\CodeIgniter->runController(Object(App\Controllers\Artikel))
 8 SYSTEMPATH\CodeIgniter.php(351): CodeIgniter\CodeIgniter->handleRequest(null, Object(Config\Cache), false)
 9 FCPATH\index.php(55): CodeIgniter\CodeIgniter->run()
ERROR - 2022-06-11 12:04:57 --> Error connecting to the database: Unknown database 'ci4'
CRITICAL - 2022-06-11 12:04:57 --> Unable to connect to the database.
Main connection [MySQLi]: Unknown database 'ci4'
in SYSTEMPATH\Database\BaseConnection.php on line 415.
 1 SYSTEMPATH\Database\BaseConnection.php(585): CodeIgniter\Database\BaseConnection->initialize()
 2 SYSTEMPATH\Database\BaseBuilder.php(1585): CodeIgniter\Database\BaseConnection->query('SELECT *
FROM `artikel`', [], false)
 3 SYSTEMPATH\Model.php(222): CodeIgniter\Database\BaseBuilder->get()
 4 SYSTEMPATH\BaseModel.php(584): CodeIgniter\Model->doFindAll(0, 0)
 5 APPPATH\Controllers\Artikel.php(10): CodeIgniter\BaseModel->findAll()
 6 SYSTEMPATH\CodeIgniter.php(898): App\Controllers\Artikel->index()
 7 SYSTEMPATH\CodeIgniter.php(468): CodeIgniter\CodeIgniter->runController(Object(App\Controllers\Artikel))
 8 SYSTEMPATH\CodeIgniter.php(351): CodeIgniter\CodeIgniter->handleRequest(null, Object(Config\Cache), false)
 9 FCPATH\index.php(55): CodeIgniter\CodeIgniter->run()
CRITICAL - 2022-06-11 12:05:51 --> Invalid file: artikel/index.php
in SYSTEMPATH\Exceptions\FrameworkException.php on line 33.
 1 SYSTEMPATH\View\View.php(201): CodeIgniter\Exceptions\FrameworkException::forInvalidFile('artikel/index.php')
 2 SYSTEMPATH\Common.php(1135): CodeIgniter\View\View->render('artikel/index', [], true)
 3 APPPATH\Controllers\Artikel.php(11): view('artikel/index', [...])
 4 SYSTEMPATH\CodeIgniter.php(898): App\Controllers\Artikel->index()
 5 SYSTEMPATH\CodeIgniter.php(468): CodeIgniter\CodeIgniter->runController(Object(App\Controllers\Artikel))
 6 SYSTEMPATH\CodeIgniter.php(351): CodeIgniter\CodeIgniter->handleRequest(null, Object(Config\Cache), false)
 7 FCPATH\index.php(55): CodeIgniter\CodeIgniter->run()
CRITICAL - 2022-06-11 12:08:36 --> Invalid file: artikel/index.php
in SYSTEMPATH\Exceptions\FrameworkException.php on line 33.
 1 SYSTEMPATH\View\View.php(201): CodeIgniter\Exceptions\FrameworkException::forInvalidFile('artikel/index.php')
 2 SYSTEMPATH\Common.php(1135): CodeIgniter\View\View->render('artikel/index', [], true)
 3 APPPATH\Controllers\Artikel.php(11): view('artikel/index', [...])
 4 SYSTEMPATH\CodeIgniter.php(898): App\Controllers\Artikel->index()
 5 SYSTEMPATH\CodeIgniter.php(468): CodeIgniter\CodeIgniter->runController(Object(App\Controllers\Artikel))
 6 SYSTEMPATH\CodeIgniter.php(351): CodeIgniter\CodeIgniter->handleRequest(null, Object(Config\Cache), false)
 7 FCPATH\index.php(55): CodeIgniter\CodeIgniter->run()
CRITICAL - 2022-06-11 12:31:38 --> Undefined variable $row
in APPPATH\Views\Artikel\detail.php on line 7.
 1 APPPATH\Views\Artikel\detail.php(7): CodeIgniter\Debug\Exceptions->errorHandler(2, 'Undefined variable $row', 'APPPATH\\Views\\Artikel\\detail.php', 7)
 2 SYSTEMPATH\View\View.php(213): include('APPPATH\\Views\\Artikel\\detail.php')
 3 SYSTEMPATH\View\View.php(216): CodeIgniter\View\View->CodeIgniter\View\{closure}()
 4 SYSTEMPATH\Common.php(1135): CodeIgniter\View\View->render('artikel/detail', [], true)
 5 APPPATH\Controllers\Artikel.php(26): view('artikel/detail', [...])
 6 SYSTEMPATH\CodeIgniter.php(898): App\Controllers\Artikel->view('artikel-pertama')
 7 SYSTEMPATH\CodeIgniter.php(468): CodeIgniter\CodeIgniter->runController(Object(App\Controllers\Artikel))
 8 SYSTEMPATH\CodeIgniter.php(351): CodeIgniter\CodeIgniter->handleRequest(null, Object(Config\Cache), false)
 9 FCPATH\index.php(55): CodeIgniter\CodeIgniter->run()
CRITICAL - 2022-06-11 12:32:45 --> syntax error, unexpected token ","
in APPPATH\Views\Artikel\detail.php on line 8.
 1 SYSTEMPATH\View\View.php(216): CodeIgniter\View\View->CodeIgniter\View\{closure}()
 2 SYSTEMPATH\Common.php(1135): CodeIgniter\View\View->render('artikel/detail', [], true)
 3 APPPATH\Controllers\Artikel.php(26): view('artikel/detail', [...])
 4 SYSTEMPATH\CodeIgniter.php(898): App\Controllers\Artikel->view('artikel-pertama')
 5 SYSTEMPATH\CodeIgniter.php(468): CodeIgniter\CodeIgniter->runController(Object(App\Controllers\Artikel))
 6 SYSTEMPATH\CodeIgniter.php(351): CodeIgniter\CodeIgniter->handleRequest(null, Object(Config\Cache), false)
 7 FCPATH\index.php(55): CodeIgniter\CodeIgniter->run()
CRITICAL - 2022-06-11 12:32:55 --> Undefined variable $row
in APPPATH\Views\Artikel\detail.php on line 8.
 1 APPPATH\Views\Artikel\detail.php(8): CodeIgniter\Debug\Exceptions->errorHandler(2, 'Undefined variable $row', 'APPPATH\\Views\\Artikel\\detail.php', 8)
 2 SYSTEMPATH\View\View.php(213): include('APPPATH\\Views\\Artikel\\detail.php')
 3 SYSTEMPATH\View\View.php(216): CodeIgniter\View\View->CodeIgniter\View\{closure}()
 4 SYSTEMPATH\Common.php(1135): CodeIgniter\View\View->render('artikel/detail', [], true)
 5 APPPATH\Controllers\Artikel.php(26): view('artikel/detail', [...])
 6 SYSTEMPATH\CodeIgniter.php(898): App\Controllers\Artikel->view('artikel-pertama')
 7 SYSTEMPATH\CodeIgniter.php(468): CodeIgniter\CodeIgniter->runController(Object(App\Controllers\Artikel))
 8 SYSTEMPATH\CodeIgniter.php(351): CodeIgniter\CodeIgniter->handleRequest(null, Object(Config\Cache), false)
 9 FCPATH\index.php(55): CodeIgniter\CodeIgniter->run()
CRITICAL - 2022-06-11 12:33:15 --> Undefined variable $row
in APPPATH\Views\Artikel\detail.php on line 8.
 1 APPPATH\Views\Artikel\detail.php(8): CodeIgniter\Debug\Exceptions->errorHandler(2, 'Undefined variable $row', 'APPPATH\\Views\\Artikel\\detail.php', 8)
 2 SYSTEMPATH\View\View.php(213): include('APPPATH\\Views\\Artikel\\detail.php')
 3 SYSTEMPATH\View\View.php(216): CodeIgniter\View\View->CodeIgniter\View\{closure}()
 4 SYSTEMPATH\Common.php(1135): CodeIgniter\View\View->render('artikel/detail', [], true)
 5 APPPATH\Controllers\Artikel.php(26): view('artikel/detail', [...])
 6 SYSTEMPATH\CodeIgniter.php(898): App\Controllers\Artikel->view('artikel-pertama')
 7 SYSTEMPATH\CodeIgniter.php(468): CodeIgniter\CodeIgniter->runController(Object(App\Controllers\Artikel))
 8 SYSTEMPATH\CodeIgniter.php(351): CodeIgniter\CodeIgniter->handleRequest(null, Object(Config\Cache), false)
 9 FCPATH\index.php(55): CodeIgniter\CodeIgniter->run()
CRITICAL - 2022-06-11 12:37:06 --> Undefined variable $row
in APPPATH\Views\Artikel\detail.php on line 8.
 1 APPPATH\Views\Artikel\detail.php(8): CodeIgniter\Debug\Exceptions->errorHandler(2, 'Undefined variable $row', 'APPPATH\\Views\\Artikel\\detail.php', 8)
 2 SYSTEMPATH\View\View.php(213): include('APPPATH\\Views\\Artikel\\detail.php')
 3 SYSTEMPATH\View\View.php(216): CodeIgniter\View\View->CodeIgniter\View\{closure}()
 4 SYSTEMPATH\Common.php(1135): CodeIgniter\View\View->render('artikel/detail', [], true)
 5 APPPATH\Controllers\Artikel.php(26): view('artikel/detail', [...])
 6 SYSTEMPATH\CodeIgniter.php(898): App\Controllers\Artikel->view('artikel-pertama')
 7 SYSTEMPATH\CodeIgniter.php(468): CodeIgniter\CodeIgniter->runController(Object(App\Controllers\Artikel))
 8 SYSTEMPATH\CodeIgniter.php(351): CodeIgniter\CodeIgniter->handleRequest(null, Object(Config\Cache), false)
 9 FCPATH\index.php(55): CodeIgniter\CodeIgniter->run()
CRITICAL - 2022-06-11 12:37:38 --> Undefined variable $row
in APPPATH\Views\Artikel\detail.php on line 8.
 1 APPPATH\Views\Artikel\detail.php(8): CodeIgniter\Debug\Exceptions->errorHandler(2, 'Undefined variable $row', 'APPPATH\\Views\\Artikel\\detail.php', 8)
 2 SYSTEMPATH\View\View.php(213): include('APPPATH\\Views\\Artikel\\detail.php')
 3 SYSTEMPATH\View\View.php(216): CodeIgniter\View\View->CodeIgniter\View\{closure}()
 4 SYSTEMPATH\Common.php(1135): CodeIgniter\View\View->render('artikel/detail', [], true)
 5 APPPATH\Controllers\Artikel.php(26): view('artikel/detail', [...])
 6 SYSTEMPATH\CodeIgniter.php(898): App\Controllers\Artikel->view('artikel-pertama')
 7 SYSTEMPATH\CodeIgniter.php(468): CodeIgniter\CodeIgniter->runController(Object(App\Controllers\Artikel))
 8 SYSTEMPATH\CodeIgniter.php(351): CodeIgniter\CodeIgniter->handleRequest(null, Object(Config\Cache), false)
 9 FCPATH\index.php(55): CodeIgniter\CodeIgniter->run()
CRITICAL - 2022-06-11 12:38:30 --> syntax error, unexpected end of file
in APPPATH\Views\Artikel\detail.php on line 13.
 1 SYSTEMPATH\View\View.php(216): CodeIgniter\View\View->CodeIgniter\View\{closure}()
 2 SYSTEMPATH\Common.php(1135): CodeIgniter\View\View->render('artikel/detail', [], true)
 3 APPPATH\Controllers\Artikel.php(26): view('artikel/detail', [...])
 4 SYSTEMPATH\CodeIgniter.php(898): App\Controllers\Artikel->view('artikel-pertama')
 5 SYSTEMPATH\CodeIgniter.php(468): CodeIgniter\CodeIgniter->runController(Object(App\Controllers\Artikel))
 6 SYSTEMPATH\CodeIgniter.php(351): CodeIgniter\CodeIgniter->handleRequest(null, Object(Config\Cache), false)
 7 FCPATH\index.php(55): CodeIgniter\CodeIgniter->run()
CRITICAL - 2022-06-11 12:39:20 --> syntax error, unexpected token "endif"
in APPPATH\Views\Artikel\detail.php on line 13.
 1 SYSTEMPATH\View\View.php(216): CodeIgniter\View\View->CodeIgniter\View\{closure}()
 2 SYSTEMPATH\Common.php(1135): CodeIgniter\View\View->render('artikel/detail', [], true)
 3 APPPATH\Controllers\Artikel.php(26): view('artikel/detail', [...])
 4 SYSTEMPATH\CodeIgniter.php(898): App\Controllers\Artikel->view('artikel-pertama')
 5 SYSTEMPATH\CodeIgniter.php(468): CodeIgniter\CodeIgniter->runController(Object(App\Controllers\Artikel))
 6 SYSTEMPATH\CodeIgniter.php(351): CodeIgniter\CodeIgniter->handleRequest(null, Object(Config\Cache), false)
 7 FCPATH\index.php(55): CodeIgniter\CodeIgniter->run()
CRITICAL - 2022-06-11 12:39:31 --> syntax error, unexpected end of file
in APPPATH\Views\Artikel\detail.php on line 13.
 1 SYSTEMPATH\View\View.php(216): CodeIgniter\View\View->CodeIgniter\View\{closure}()
 2 SYSTEMPATH\Common.php(1135): CodeIgniter\View\View->render('artikel/detail', [], true)
 3 APPPATH\Controllers\Artikel.php(26): view('artikel/detail', [...])
 4 SYSTEMPATH\CodeIgniter.php(898): App\Controllers\Artikel->view('artikel-pertama')
 5 SYSTEMPATH\CodeIgniter.php(468): CodeIgniter\CodeIgniter->runController(Object(App\Controllers\Artikel))
 6 SYSTEMPATH\CodeIgniter.php(351): CodeIgniter\CodeIgniter->handleRequest(null, Object(Config\Cache), false)
 7 FCPATH\index.php(55): CodeIgniter\CodeIgniter->run()
CRITICAL - 2022-06-11 12:41:11 --> syntax error, unexpected end of file
in APPPATH\Views\Artikel\detail.php on line 13.
 1 SYSTEMPATH\View\View.php(216): CodeIgniter\View\View->CodeIgniter\View\{closure}()
 2 SYSTEMPATH\Common.php(1135): CodeIgniter\View\View->render('artikel/detail', [], true)
 3 APPPATH\Controllers\Artikel.php(26): view('artikel/detail', [...])
 4 SYSTEMPATH\CodeIgniter.php(898): App\Controllers\Artikel->view('artikel-pertama')
 5 SYSTEMPATH\CodeIgniter.php(468): CodeIgniter\CodeIgniter->runController(Object(App\Controllers\Artikel))
 6 SYSTEMPATH\CodeIgniter.php(351): CodeIgniter\CodeIgniter->handleRequest(null, Object(Config\Cache), false)
 7 FCPATH\index.php(55): CodeIgniter\CodeIgniter->run()
CRITICAL - 2022-06-11 12:42:07 --> syntax error, unexpected end of file
in APPPATH\Views\Artikel\detail.php on line 13.
 1 SYSTEMPATH\View\View.php(216): CodeIgniter\View\View->CodeIgniter\View\{closure}()
 2 SYSTEMPATH\Common.php(1135): CodeIgniter\View\View->render('artikel/detail', [], true)
 3 APPPATH\Controllers\Artikel.php(26): view('artikel/detail', [...])
 4 SYSTEMPATH\CodeIgniter.php(898): App\Controllers\Artikel->view('artikel-pertama')
 5 SYSTEMPATH\CodeIgniter.php(468): CodeIgniter\CodeIgniter->runController(Object(App\Controllers\Artikel))
 6 SYSTEMPATH\CodeIgniter.php(351): CodeIgniter\CodeIgniter->handleRequest(null, Object(Config\Cache), false)
 7 FCPATH\index.php(55): CodeIgniter\CodeIgniter->run()
CRITICAL - 2022-06-11 12:42:31 --> syntax error, unexpected end of file
in APPPATH\Views\Artikel\detail.php on line 13.
 1 SYSTEMPATH\View\View.php(216): CodeIgniter\View\View->CodeIgniter\View\{closure}()
 2 SYSTEMPATH\Common.php(1135): CodeIgniter\View\View->render('artikel/detail', [], true)
 3 APPPATH\Controllers\Artikel.php(26): view('artikel/detail', [...])
 4 SYSTEMPATH\CodeIgniter.php(898): App\Controllers\Artikel->view('artikel-pertama')
 5 SYSTEMPATH\CodeIgniter.php(468): CodeIgniter\CodeIgniter->runController(Object(App\Controllers\Artikel))
 6 SYSTEMPATH\CodeIgniter.php(351): CodeIgniter\CodeIgniter->handleRequest(null, Object(Config\Cache), false)
 7 FCPATH\index.php(55): CodeIgniter\CodeIgniter->run()
CRITICAL - 2022-06-11 12:42:38 --> syntax error, unexpected end of file
in APPPATH\Views\Artikel\detail.php on line 13.
 1 SYSTEMPATH\View\View.php(216): CodeIgniter\View\View->CodeIgniter\View\{closure}()
 2 SYSTEMPATH\Common.php(1135): CodeIgniter\View\View->render('artikel/detail', [], true)
 3 APPPATH\Controllers\Artikel.php(26): view('artikel/detail', [...])
 4 SYSTEMPATH\CodeIgniter.php(898): App\Controllers\Artikel->view('artikel-pertama')
 5 SYSTEMPATH\CodeIgniter.php(468): CodeIgniter\CodeIgniter->runController(Object(App\Controllers\Artikel))
 6 SYSTEMPATH\CodeIgniter.php(351): CodeIgniter\CodeIgniter->handleRequest(null, Object(Config\Cache), false)
 7 FCPATH\index.php(55): CodeIgniter\CodeIgniter->run()
CRITICAL - 2022-06-11 12:44:49 --> syntax error, unexpected end of file, expecting "elseif" or "else" or "endif"
in APPPATH\Views\Artikel\detail.php on line 14.
 1 SYSTEMPATH\View\View.php(216): CodeIgniter\View\View->CodeIgniter\View\{closure}()
 2 SYSTEMPATH\Common.php(1135): CodeIgniter\View\View->render('artikel/detail', [], true)
 3 APPPATH\Controllers\Artikel.php(26): view('artikel/detail', [...])
 4 SYSTEMPATH\CodeIgniter.php(898): App\Controllers\Artikel->view('artikel-pertama')
 5 SYSTEMPATH\CodeIgniter.php(468): CodeIgniter\CodeIgniter->runController(Object(App\Controllers\Artikel))
 6 SYSTEMPATH\CodeIgniter.php(351): CodeIgniter\CodeIgniter->handleRequest(null, Object(Config\Cache), false)
 7 FCPATH\index.php(55): CodeIgniter\CodeIgniter->run()
CRITICAL - 2022-06-11 12:45:21 --> Cannot access offset of type string on string
in APPPATH\Views\Artikel\detail.php on line 9.
 1 SYSTEMPATH\View\View.php(213): include()
 2 SYSTEMPATH\View\View.php(216): CodeIgniter\View\View->CodeIgniter\View\{closure}()
 3 SYSTEMPATH\Common.php(1135): CodeIgniter\View\View->render('artikel/detail', [], true)
 4 APPPATH\Controllers\Artikel.php(26): view('artikel/detail', [...])
 5 SYSTEMPATH\CodeIgniter.php(898): App\Controllers\Artikel->view('artikel-pertama')
 6 SYSTEMPATH\CodeIgniter.php(468): CodeIgniter\CodeIgniter->runController(Object(App\Controllers\Artikel))
 7 SYSTEMPATH\CodeIgniter.php(351): CodeIgniter\CodeIgniter->handleRequest(null, Object(Config\Cache), false)
 8 FCPATH\index.php(55): CodeIgniter\CodeIgniter->run()
CRITICAL - 2022-06-11 12:45:37 --> Undefined variable $row
in APPPATH\Views\Artikel\detail.php on line 8.
 1 APPPATH\Views\Artikel\detail.php(8): CodeIgniter\Debug\Exceptions->errorHandler(2, 'Undefined variable $row', 'APPPATH\\Views\\Artikel\\detail.php', 8)
 2 SYSTEMPATH\View\View.php(213): include('APPPATH\\Views\\Artikel\\detail.php')
 3 SYSTEMPATH\View\View.php(216): CodeIgniter\View\View->CodeIgniter\View\{closure}()
 4 SYSTEMPATH\Common.php(1135): CodeIgniter\View\View->render('artikel/detail', [], true)
 5 APPPATH\Controllers\Artikel.php(26): view('artikel/detail', [...])
 6 SYSTEMPATH\CodeIgniter.php(898): App\Controllers\Artikel->view('artikel-pertama')
 7 SYSTEMPATH\CodeIgniter.php(468): CodeIgniter\CodeIgniter->runController(Object(App\Controllers\Artikel))
 8 SYSTEMPATH\CodeIgniter.php(351): CodeIgniter\CodeIgniter->handleRequest(null, Object(Config\Cache), false)
 9 FCPATH\index.php(55): CodeIgniter\CodeIgniter->run()
CRITICAL - 2022-06-11 12:46:21 --> Undefined variable $row
in APPPATH\Views\Artikel\detail.php on line 8.
 1 APPPATH\Views\Artikel\detail.php(8): CodeIgniter\Debug\Exceptions->errorHandler(2, 'Undefined variable $row', 'APPPATH\\Views\\Artikel\\detail.php', 8)
 2 SYSTEMPATH\View\View.php(213): include('APPPATH\\Views\\Artikel\\detail.php')
 3 SYSTEMPATH\View\View.php(216): CodeIgniter\View\View->CodeIgniter\View\{closure}()
 4 SYSTEMPATH\Common.php(1135): CodeIgniter\View\View->render('artikel/detail', [], true)
 5 APPPATH\Controllers\Artikel.php(26): view('artikel/detail', [...])
 6 SYSTEMPATH\CodeIgniter.php(898): App\Controllers\Artikel->view('artikel-pertama')
 7 SYSTEMPATH\CodeIgniter.php(468): CodeIgniter\CodeIgniter->runController(Object(App\Controllers\Artikel))
 8 SYSTEMPATH\CodeIgniter.php(351): CodeIgniter\CodeIgniter->handleRequest(null, Object(Config\Cache), false)
 9 FCPATH\index.php(55): CodeIgniter\CodeIgniter->run()
CRITICAL - 2022-06-11 12:46:35 --> Undefined variable $row
in APPPATH\Views\Artikel\detail.php on line 8.
 1 APPPATH\Views\Artikel\detail.php(8): CodeIgniter\Debug\Exceptions->errorHandler(2, 'Undefined variable $row', 'APPPATH\\Views\\Artikel\\detail.php', 8)
 2 SYSTEMPATH\View\View.php(213): include('APPPATH\\Views\\Artikel\\detail.php')
 3 SYSTEMPATH\View\View.php(216): CodeIgniter\View\View->CodeIgniter\View\{closure}()
 4 SYSTEMPATH\Common.php(1135): CodeIgniter\View\View->render('artikel/detail', [], true)
 5 APPPATH\Controllers\Artikel.php(26): view('artikel/detail', [...])
 6 SYSTEMPATH\CodeIgniter.php(898): App\Controllers\Artikel->view('artikel-pertama')
 7 SYSTEMPATH\CodeIgniter.php(468): CodeIgniter\CodeIgniter->runController(Object(App\Controllers\Artikel))
 8 SYSTEMPATH\CodeIgniter.php(351): CodeIgniter\CodeIgniter->handleRequest(null, Object(Config\Cache), false)
 9 FCPATH\index.php(55): CodeIgniter\CodeIgniter->run()
CRITICAL - 2022-06-11 12:47:21 --> Undefined variable $row
in APPPATH\Views\Artikel\detail.php on line 7.
 1 APPPATH\Views\Artikel\detail.php(7): CodeIgniter\Debug\Exceptions->errorHandler(2, 'Undefined variable $row', 'APPPATH\\Views\\Artikel\\detail.php', 7)
 2 SYSTEMPATH\View\View.php(213): include('APPPATH\\Views\\Artikel\\detail.php')
 3 SYSTEMPATH\View\View.php(216): CodeIgniter\View\View->CodeIgniter\View\{closure}()
 4 SYSTEMPATH\Common.php(1135): CodeIgniter\View\View->render('artikel/detail', [], true)
 5 APPPATH\Controllers\Artikel.php(26): view('artikel/detail', [...])
 6 SYSTEMPATH\CodeIgniter.php(898): App\Controllers\Artikel->view('artikel-pertama')
 7 SYSTEMPATH\CodeIgniter.php(468): CodeIgniter\CodeIgniter->runController(Object(App\Controllers\Artikel))
 8 SYSTEMPATH\CodeIgniter.php(351): CodeIgniter\CodeIgniter->handleRequest(null, Object(Config\Cache), false)
 9 FCPATH\index.php(55): CodeIgniter\CodeIgniter->run()
CRITICAL - 2022-06-11 12:47:58 --> Undefined variable $row
in APPPATH\Views\Artikel\detail.php on line 6.
 1 APPPATH\Views\Artikel\detail.php(6): CodeIgniter\Debug\Exceptions->errorHandler(2, 'Undefined variable $row', 'APPPATH\\Views\\Artikel\\detail.php', 6)
 2 SYSTEMPATH\View\View.php(213): include('APPPATH\\Views\\Artikel\\detail.php')
 3 SYSTEMPATH\View\View.php(216): CodeIgniter\View\View->CodeIgniter\View\{closure}()
 4 SYSTEMPATH\Common.php(1135): CodeIgniter\View\View->render('artikel/detail', [], true)
 5 APPPATH\Controllers\Artikel.php(26): view('artikel/detail', [...])
 6 SYSTEMPATH\CodeIgniter.php(898): App\Controllers\Artikel->view('artikel-pertama')
 7 SYSTEMPATH\CodeIgniter.php(468): CodeIgniter\CodeIgniter->runController(Object(App\Controllers\Artikel))
 8 SYSTEMPATH\CodeIgniter.php(351): CodeIgniter\CodeIgniter->handleRequest(null, Object(Config\Cache), false)
 9 FCPATH\index.php(55): CodeIgniter\CodeIgniter->run()
CRITICAL - 2022-06-11 12:48:08 --> Undefined variable $row
in APPPATH\Views\Artikel\detail.php on line 7.
 1 APPPATH\Views\Artikel\detail.php(7): CodeIgniter\Debug\Exceptions->errorHandler(2, 'Undefined variable $row', 'APPPATH\\Views\\Artikel\\detail.php', 7)
 2 SYSTEMPATH\View\View.php(213): include('APPPATH\\Views\\Artikel\\detail.php')
 3 SYSTEMPATH\View\View.php(216): CodeIgniter\View\View->CodeIgniter\View\{closure}()
 4 SYSTEMPATH\Common.php(1135): CodeIgniter\View\View->render('artikel/detail', [], true)
 5 APPPATH\Controllers\Artikel.php(26): view('artikel/detail', [...])
 6 SYSTEMPATH\CodeIgniter.php(898): App\Controllers\Artikel->view('artikel-pertama')
 7 SYSTEMPATH\CodeIgniter.php(468): CodeIgniter\CodeIgniter->runController(Object(App\Controllers\Artikel))
 8 SYSTEMPATH\CodeIgniter.php(351): CodeIgniter\CodeIgniter->handleRequest(null, Object(Config\Cache), false)
 9 FCPATH\index.php(55): CodeIgniter\CodeIgniter->run()
CRITICAL - 2022-06-11 12:48:18 --> Undefined variable $row
in APPPATH\Views\Artikel\detail.php on line 7.
 1 APPPATH\Views\Artikel\detail.php(7): CodeIgniter\Debug\Exceptions->errorHandler(2, 'Undefined variable $row', 'APPPATH\\Views\\Artikel\\detail.php', 7)
 2 SYSTEMPATH\View\View.php(213): include('APPPATH\\Views\\Artikel\\detail.php')
 3 SYSTEMPATH\View\View.php(216): CodeIgniter\View\View->CodeIgniter\View\{closure}()
 4 SYSTEMPATH\Common.php(1135): CodeIgniter\View\View->render('artikel/detail', [], true)
 5 APPPATH\Controllers\Artikel.php(26): view('artikel/detail', [...])
 6 SYSTEMPATH\CodeIgniter.php(898): App\Controllers\Artikel->view('artikel-pertama')
 7 SYSTEMPATH\CodeIgniter.php(468): CodeIgniter\CodeIgniter->runController(Object(App\Controllers\Artikel))
 8 SYSTEMPATH\CodeIgniter.php(351): CodeIgniter\CodeIgniter->handleRequest(null, Object(Config\Cache), false)
 9 FCPATH\index.php(55): CodeIgniter\CodeIgniter->run()
